A new GET requires for /auth/verify was received. It took 4.22 milliseconds to be resolved
A new GET requires for /csrf-token was received. It took 3.59 milliseconds to be resolved
A new GET requires for /csrf-token was received. It took 4.32 milliseconds to be resolved
A new POST requires for /auth/login was received. It took 50.00 milliseconds to be resolved
A new GET requires for /auth/verify was received. It took 15.65 milliseconds to be resolved
A new GET requires for /csrf-token was received. It took 5.90 milliseconds to be resolved
A new GET requires for /csrf-token was received. It took 6.40 milliseconds to be resolved
A new POST requires for /auth/login was received. It took 72.61 milliseconds to be resolved
A new GET requires for /properties/all was received. It took 274.19 milliseconds to be resolved
A new GET requires for /csrf-token was received. It took 1.29 milliseconds to be resolved
A new GET requires for /auth/verify was received. It took 17.69 milliseconds to be resolved
A new GET requires for /properties/all was received. It took 91.06 milliseconds to be resolved
A new GET requires for /csrf-token was received. It took 4.64 milliseconds to be resolved
A new GET requires for /csrf-token was received. It took 2.90 milliseconds to be resolved
A new GET requires for /auth/verify was received. It took 3.29 milliseconds to be resolved
A new GET requires for /properties/all was received. It took 79.34 milliseconds to be resolved
A new GET requires for /csrf-token was received. It took 2.65 milliseconds to be resolved
A new GET requires for /csrf-token was received. It took 3.25 milliseconds to be resolved
A new GET requires for /properties/all was received. It took 90.91 milliseconds to be resolved
A new GET requires for /auth/verify was received. It took 48.61 milliseconds to be resolved
A new GET requires for /csrf-token was received. It took 7.91 milliseconds to be resolved
A new GET requires for /csrf-token was received. It took 8.30 milliseconds to be resolved
A new GET requires for /auth/verify was received. It took 34.83 milliseconds to be resolved
A new GET requires for /properties/all was received. It took 78.83 milliseconds to be resolved
A new GET requires for /csrf-token was received. It took 2.05 milliseconds to be resolved
A new GET requires for /csrf-token was received. It took 2.47 milliseconds to be resolved
A new GET requires for /properties/all was received. It took 82.32 milliseconds to be resolved
A new GET requires for /auth/verify was received. It took 49.81 milliseconds to be resolved
A new GET requires for /csrf-token was received. It took 4.54 milliseconds to be resolved
A new GET requires for /csrf-token was received. It took 5.24 milliseconds to be resolved
A new GET requires for /auth/verify was received. It took 46.68 milliseconds to be resolved
A new GET requires for /properties/all was received. It took 90.14 milliseconds to be resolved
A new GET requires for /csrf-token was received. It took 9.25 milliseconds to be resolved
A new GET requires for /csrf-token was received. It took 10.69 milliseconds to be resolved
A new GET requires for /auth/verify was received. It took 35.08 milliseconds to be resolved
A new GET requires for /properties/all was received. It took 74.26 milliseconds to be resolved
A new GET requires for /csrf-token was received. It took 2.46 milliseconds to be resolved
A new GET requires for /csrf-token was received. It took 2.05 milliseconds to be resolved
A new GET requires for /auth/verify was received. It took 92.38 milliseconds to be resolved
A new GET requires for /properties/all was received. It took 183.50 milliseconds to be resolved
A new GET requires for /csrf-token was received. It took 4.79 milliseconds to be resolved
A new GET requires for /csrf-token was received. It took 4.66 milliseconds to be resolved
A new GET requires for /auth/verify was received. It took 49.45 milliseconds to be resolved
A new GET requires for /properties/all was received. It took 99.90 milliseconds to be resolved
A new GET requires for /csrf-token was received. It took 6.79 milliseconds to be resolved
A new GET requires for /csrf-token was received. It took 6.24 milliseconds to be resolved
A new GET requires for /auth/verify was received. It took 2.19 milliseconds to be resolved
A new GET requires for /properties/all was received. It took 97.67 milliseconds to be resolved
A new GET requires for /csrf-token was received. It took 3.46 milliseconds to be resolved
A new GET requires for /csrf-token was received. It took 4.06 milliseconds to be resolved
A new GET requires for /blogs/all was received. It took 116.36 milliseconds to be resolved
A new GET requires for /properties/all was received. It took 98.99 milliseconds to be resolved
A new POST requires for /auth/login was received. It took 71.13 milliseconds to be resolved
A new GET requires for /blogs/all was received. It took 114.36 milliseconds to be resolved
A new GET requires for /properties/all was received. It took 86.86 milliseconds to be resolved
